2021-04-17 00:40:23,030:INFO:Initializing load_model()
2021-04-17 00:40:23,030:INFO:load_model(model_name=h_jorth_logistic_regression.pkl, platform=None, authentication=None, verbose=True)
2021-04-17 00:40:36,262:INFO:Initializing load_model()
2021-04-17 00:40:36,262:INFO:load_model(model_name=./h_jorth_logistic_regression, platform=None, authentication=None, verbose=True)
2021-04-17 00:40:38,161:INFO:Initializing load_model()
2021-04-17 00:40:38,161:INFO:load_model(model_name=./h_jorth_logistic_regression, platform=None, authentication=None, verbose=True)
2021-04-17 00:42:22,801:INFO:Initializing load_model()
2021-04-17 00:42:22,802:INFO:load_model(model_name=./h_jorth_logistic_regression, platform=None, authentication=None, verbose=True)
2021-04-17 00:42:24,778:INFO:Initializing load_model()
2021-04-17 00:42:24,778:INFO:load_model(model_name=./h_jorth_logistic_regression, platform=None, authentication=None, verbose=True)
2021-04-17 00:43:59,976:INFO:Initializing load_model()
2021-04-17 00:43:59,976:INFO:load_model(model_name=./h_jorth_logistic_regression, platform=None, authentication=None, verbose=True)
2021-04-17 00:44:02,254:INFO:Initializing load_model()
2021-04-17 00:44:02,255:INFO:load_model(model_name=./h_jorth_logistic_regression, platform=None, authentication=None, verbose=True)
2021-04-17 00:44:10,896:INFO:Initializing load_model()
2021-04-17 00:44:10,896:INFO:load_model(model_name=./h_jorth_logistic_regression, platform=None, authentication=None, verbose=True)
2021-04-17 00:44:20,779:INFO:Initializing load_model()
2021-04-17 00:44:20,779:INFO:load_model(model_name=./h_jorth_logistic_regression, platform=None, authentication=None, verbose=True)
2021-04-17 00:44:28,144:INFO:Initializing load_model()
2021-04-17 00:44:28,145:INFO:load_model(model_name=./h_jorth_logistic_regression, platform=None, authentication=None, verbose=True)
2021-04-17 00:45:17,904:INFO:Initializing predict_model()
2021-04-17 00:45:17,904:INFO:predict_model(estimator=Pipeline(steps=[('dtypes',
                 DataTypes_Auto_infer(ml_usecase='classification',
                                      target='class')),
                ('imputer',
                 Simple_Imputer(categorical_strategy='not_available',
                                fill_value_categorical=None,
                                fill_value_numerical=None,
                                numeric_strategy='mean',
                                target_variable=None)),
                ('new_levels1',
                 New_Catagorical_Levels_in_TestData(replacement_strategy='least '
                                                                         'frequent',
                                                    targe...
                ('binn', 'passthrough'), ('rem_outliers', 'passthrough'),
                ('cluster_all', 'passthrough'),
                ('dummy', Dummify(target='class')),
                ('fix_perfect', Remove_100(target='class')),
                ('clean_names', Clean_Colum_Names()),
                ('feature_select', 'passthrough'), ('fix_multi', 'passthrough'),
                ('dfs', 'passthrough'), ('pca', 'passthrough'),
                ['trained_model',
                 LogisticRegression(max_iter=1000, random_state=42)]]), probability_threshold=None, encoded_labels=True, raw_score=False, round=4, verbose=True, ml_usecase=MLUsecase.REGRESSION, display=None)
2021-04-17 00:45:17,904:INFO:Checking exceptions
2021-04-17 00:45:17,904:INFO:Preloading libraries
2021-04-17 00:45:29,619:INFO:Initializing load_model()
2021-04-17 00:45:29,619:INFO:load_model(model_name=./h_jorth_logistic_regression, platform=None, authentication=None, verbose=True)
2021-04-17 00:45:29,695:INFO:Initializing predict_model()
2021-04-17 00:45:29,695:INFO:predict_model(estimator=Pipeline(steps=[('dtypes',
                 DataTypes_Auto_infer(ml_usecase='classification',
                                      target='class')),
                ('imputer',
                 Simple_Imputer(categorical_strategy='not_available',
                                fill_value_categorical=None,
                                fill_value_numerical=None,
                                numeric_strategy='mean',
                                target_variable=None)),
                ('new_levels1',
                 New_Catagorical_Levels_in_TestData(replacement_strategy='least '
                                                                         'frequent',
                                                    targe...
                ('binn', 'passthrough'), ('rem_outliers', 'passthrough'),
                ('cluster_all', 'passthrough'),
                ('dummy', Dummify(target='class')),
                ('fix_perfect', Remove_100(target='class')),
                ('clean_names', Clean_Colum_Names()),
                ('feature_select', 'passthrough'), ('fix_multi', 'passthrough'),
                ('dfs', 'passthrough'), ('pca', 'passthrough'),
                ['trained_model',
                 LogisticRegression(max_iter=1000, random_state=42)]]), probability_threshold=None, encoded_labels=True, raw_score=False, round=4, verbose=True, ml_usecase=MLUsecase.REGRESSION, display=None)
2021-04-17 00:45:29,695:INFO:Checking exceptions
2021-04-17 00:45:29,695:INFO:Preloading libraries
2021-04-17 00:45:40,606:INFO:Initializing load_model()
2021-04-17 00:45:40,607:INFO:load_model(model_name=./h_jorth_logistic_regression, platform=None, authentication=None, verbose=True)
2021-04-17 00:45:41,416:INFO:Initializing predict_model()
2021-04-17 00:45:41,417:INFO:predict_model(estimator=Pipeline(steps=[('dtypes',
                 DataTypes_Auto_infer(ml_usecase='classification',
                                      target='class')),
                ('imputer',
                 Simple_Imputer(categorical_strategy='not_available',
                                fill_value_categorical=None,
                                fill_value_numerical=None,
                                numeric_strategy='mean',
                                target_variable=None)),
                ('new_levels1',
                 New_Catagorical_Levels_in_TestData(replacement_strategy='least '
                                                                         'frequent',
                                                    targe...
                ('binn', 'passthrough'), ('rem_outliers', 'passthrough'),
                ('cluster_all', 'passthrough'),
                ('dummy', Dummify(target='class')),
                ('fix_perfect', Remove_100(target='class')),
                ('clean_names', Clean_Colum_Names()),
                ('feature_select', 'passthrough'), ('fix_multi', 'passthrough'),
                ('dfs', 'passthrough'), ('pca', 'passthrough'),
                ['trained_model',
                 LogisticRegression(max_iter=1000, random_state=42)]]), probability_threshold=None, encoded_labels=True, raw_score=False, round=4, verbose=True, ml_usecase=MLUsecase.REGRESSION, display=None)
2021-04-17 00:45:41,417:INFO:Checking exceptions
2021-04-17 00:45:41,417:INFO:Preloading libraries
2021-04-17 00:46:05,086:INFO:Initializing load_model()
2021-04-17 00:46:05,087:INFO:load_model(model_name=./h_jorth_logistic_regression, platform=None, authentication=None, verbose=True)
2021-04-17 00:46:05,225:INFO:Initializing predict_model()
2021-04-17 00:46:05,226:INFO:predict_model(estimator=Pipeline(steps=[('dtypes',
                 DataTypes_Auto_infer(ml_usecase='classification',
                                      target='class')),
                ('imputer',
                 Simple_Imputer(categorical_strategy='not_available',
                                fill_value_categorical=None,
                                fill_value_numerical=None,
                                numeric_strategy='mean',
                                target_variable=None)),
                ('new_levels1',
                 New_Catagorical_Levels_in_TestData(replacement_strategy='least '
                                                                         'frequent',
                                                    targe...
                ('binn', 'passthrough'), ('rem_outliers', 'passthrough'),
                ('cluster_all', 'passthrough'),
                ('dummy', Dummify(target='class')),
                ('fix_perfect', Remove_100(target='class')),
                ('clean_names', Clean_Colum_Names()),
                ('feature_select', 'passthrough'), ('fix_multi', 'passthrough'),
                ('dfs', 'passthrough'), ('pca', 'passthrough'),
                ['trained_model',
                 LogisticRegression(max_iter=1000, random_state=42)]]), probability_threshold=None, encoded_labels=True, raw_score=False, round=4, verbose=True, ml_usecase=MLUsecase.REGRESSION, display=None)
2021-04-17 00:46:05,226:INFO:Checking exceptions
2021-04-17 00:46:05,226:INFO:Preloading libraries
